   Compiling trinity-bevy-graphics v0.1.0 (/home/joshua/Workflow/desktop_trinity/trinity-genesis/crates/trinity-bevy-graphics)
warning: unnecessary parentheses around `if` condition
   --> crates/trinity-bevy-graphics/src/art_panels.rs:261:20
    |
261 | ...if (ui.add_enabled(can_generate, generate_btn).clicked() || (enter_pressed && can_generate)) {
    |       ^                                                                                       ^
    |
    = note: `#[warn(unused_parens)]` (part of `#[warn(unused)]`) on by default
help: remove these parentheses
    |
261 -                 if (ui.add_enabled(can_generate, generate_btn).clicked() || (enter_pressed && can_generate)) {
261 +                 if ui.add_enabled(can_generate, generate_btn).clicked() || (enter_pressed && can_generate) {
    |

warning: `trinity-bevy-graphics` (lib) generated 1 warning (run `cargo fix --lib -p trinity-bevy-graphics` to apply 1 suggestion)
    Finished `dev` profile [unoptimized + debuginfo] target(s) in 4.92s
     Running `target/debug/art_studio`
[2m2026-03-23T12:14:47.094978Z[0m [32m INFO[0m [2mbevy_render::renderer[0m[2m:[0m AdapterInfo { name: "AMD Radeon Graphics (RADV GFX1151)", vendor: 4098, device: 5510, device_type: IntegratedGpu, driver: "radv", driver_info: "Mesa 25.2.8-0ubuntu0.24.04.1", backend: Vulkan }
[2m2026-03-23T12:14:47.115538Z[0m [33m WARN[0m [2mbevy_egui[0m[2m:[0m The `bevy_egui/picking` feature is enabled, but `PickingPlugin` is not added (if you use Bevy's `DefaultPlugins`, make sure the `bevy/bevy_picking` feature is enabled too)
[2m2026-03-23T12:14:47.189490Z[0m [32m INFO[0m [2mbevy_render::batching::gpu_preprocessing[0m[2m:[0m GPU preprocessing is fully supported on this device.
[2m2026-03-23T12:14:47.196577Z[0m [32m INFO[0m [2mbevy_egui::render[0m[2m:[0m Using bindless_mode_array_size 16 (Device maximum 8388606)
[2m2026-03-23T12:14:47.196981Z[0m [32m INFO[0m [2mbevy_winit::system[0m[2m:[0m Creating new window Trinity ART — Aesthetic Research Tempo (0v0)
[2m2026-03-23T12:14:47.211977Z[0m [33m WARN[0m [2msctk_adwaita::buttons[0m[2m:[0m Ignoring unknown button type: 
[2m2026-03-23T12:14:47.225544Z[0m [32m INFO[0m [2mart_studio[0m[2m:[0m 🎨 ART Canvas ready — Aesthetic Research Tempo active
warning: function `generate_pete_system_prompt` is never used
  --> crates/trinity/src/character_api.rs:54:8
   |
54 | pub fn generate_pete_system_prompt(
   |        ^^^^^^^^^^^^^^^^^^^^^^^^^^^
   |
   = note: `#[warn(dead_code)]` (part of `#[warn(unused)]`) on by default

warning: field `pid` is never read
  --> crates/trinity/src/gpu_guard.rs:30:22
   |
30 |     AlreadyRunning { pid: Option<u32> },
   |     --------------   ^^^
   |     |
   |     field in this variant
   |
   = note: `LaunchDecision` has a derived impl for the trait `Debug`, but this is intentionally ignored during dead code analysis

warning: function `sidecar_binary` is never used
   --> crates/trinity/src/tools.rs:188:4
    |
188 | fn sidecar_binary() -> Option<PathBuf> {
    |    ^^^^^^^^^^^^^^

warning: `trinity` (bin "trinity") generated 3 warnings
    Finished `release` profile [optimized] target(s) in 0.14s
warning: the following packages contain code that will be rejected by a future version of Rust: sqlx-postgres v0.7.4
note: to see what the problems were, use the option `--future-incompat-report`, or run `cargo report future-incompatibilities --id 14`
     Running `target/release/trinity`
